[INFO ] 2016-07-20 11:19:52.737 [http-nio-8080-exec-1] FileServlet - Metadata catalog for FileServlet servlet: c:/projects/bivsberfront/bivsberfront/AngularJS/B2BCIBGREEN/ 
[INFO ] 2016-07-20 11:41:40.586 [main] FileServlet - Metadata catalog for FileServlet servlet: c:/projects/bivsberfront/bivsberfront/AngularJS/B2BCIBGREEN/ 
[INFO ] 2016-07-20 11:44:22.866 [main] FileServlet - Metadata catalog for FileServlet servlet: c:/projects/bivsberfront/bivsberfront/AngularJS/B2BCIBGREEN/ 
[INFO ] 2016-07-20 16:30:31.835 [main] FileServlet - Metadata catalog for FileServlet servlet: c:/projects/bivsberfront/bivsberfront/AngularJS/B2BCIBGREEN/ 
[DEBUG] 2016-07-21 14:13:52.876 [qtp968684233-61] WebsocketEndpoint - Opening new session websocket-1
[DEBUG] 2016-07-21 14:15:18.698 [qtp968684233-65] WebsocketEndpoint - Opening new session websocket-2
[DEBUG] 2016-07-21 14:17:29.097 [qtp968684233-69] WebsocketEndpoint - Opening new session websocket-3
[DEBUG] 2016-07-21 14:17:29.103 [qtp968684233-69] WebsocketEndpoint - Session websocket-3 topics are 1
[DEBUG] 2016-07-21 14:28:30.486 [qtp968684233-65] WebsocketEndpoint - Opening new session websocket-4
[DEBUG] 2016-07-21 14:28:30.490 [qtp968684233-65] WebsocketEndpoint - Session websocket-4 topics are test
[INFO ] 2016-07-21 14:40:07.313 [main] FileServlet - Metadata catalog for FileServlet servlet: c:/projects/bivsberfront/bivsberfront/AngularJS/B2BCIBGREEN/ 
[ERROR] 2016-07-21 14:40:07.454 [main] WebsocketServer - Failed to start the server: Encountered unknown parameter type <com.bivgroup.websocket.websocket.TextMessage> on @OnMessage annotated method: public void com.bivgroup.websocket.websocket.WebsocketEndpoint#onMessage(com.bivgroup.websocket.websocket.TextMessage, javax.websocket.Session)
[INFO ] 2016-07-21 14:51:39.618 [main] FileServlet - Metadata catalog for FileServlet servlet: c:/projects/bivsberfront/bivsberfront/AngularJS/B2BCIBGREEN/ 
[DEBUG] 2016-07-21 14:51:45.781 [qtp785088119-39] WebsocketEndpoint - Opening new session websocket-1
[DEBUG] 2016-07-21 14:51:45.793 [qtp785088119-39] WebsocketEndpoint - Session websocket-1 group.id are 
[DEBUG] 2016-07-21 14:51:45.793 [qtp785088119-39] WebsocketEndpoint - Session websocket-1 topics are test
[DEBUG] 2016-07-21 14:53:41.344 [qtp785088119-39] WebsocketEndpoint - Opening new session websocket-2
[DEBUG] 2016-07-21 14:53:41.350 [qtp785088119-39] WebsocketEndpoint - Session websocket-2 group.id are 
[DEBUG] 2016-07-21 14:53:41.350 [qtp785088119-39] WebsocketEndpoint - Session websocket-2 topics are test
[INFO ] 2016-07-21 14:58:26.952 [main] FileServlet - Metadata catalog for FileServlet servlet: c:/projects/bivsberfront/bivsberfront/AngularJS/B2BCIBGREEN/ 
[DEBUG] 2016-07-21 14:58:31.665 [qtp785088119-39] WebsocketEndpoint - Opening new session websocket-1
[DEBUG] 2016-07-21 14:58:31.676 [qtp785088119-39] WebsocketEndpoint - Session websocket-1 group.id are 1
[DEBUG] 2016-07-21 14:58:31.677 [qtp785088119-39] WebsocketEndpoint - Session websocket-1 topics are test
[DEBUG] 2016-07-21 14:58:34.163 [qtp785088119-43] WebsocketEndpoint - Received binary message: topic - ; message - messagge="ddd"
[DEBUG] 2016-07-21 14:58:35.642 [qtp785088119-39] WebsocketEndpoint - Received binary message: topic - ; message - messagge="ddd"
[DEBUG] 2016-07-21 14:59:08.545 [qtp785088119-43] WebsocketEndpoint - Received binary message: topic - ; message - messagge="ddd11111"
[INFO ] 2016-07-21 16:07:37.806 [main] FileServlet - Metadata catalog for FileServlet servlet: c:/projects/bivsberfront/bivsberfront/AngularJS/B2BCIBGREEN/ 
[INFO ] 2016-07-21 16:09:20.314 [main] FileServlet - Metadata catalog for FileServlet servlet: c:/projects/bivsberfront/bivsberfront/AngularJS/B2BCIBGREEN/ 
[DEBUG] 2016-07-21 16:10:00.457 [qtp968684233-38] WebsocketEndpoint - Opening new session websocket-1
[DEBUG] 2016-07-21 16:10:00.481 [qtp968684233-38] WebsocketEndpoint - Session websocket-1 group.id are 2
[DEBUG] 2016-07-21 16:10:00.481 [qtp968684233-38] WebsocketEndpoint - Session websocket-1 topics are test1
[DEBUG] 2016-07-21 16:10:02.664 [qtp968684233-42] WebsocketEndpoint - TextMessage Received binary message: topic - ; message - messagge="ddd11111"
[DEBUG] 2016-07-21 16:10:03.080 [qtp968684233-38] WebsocketEndpoint - TextMessage Received binary message: topic - ; message - messagge="ddd11111"
[DEBUG] 2016-07-21 16:10:03.312 [qtp968684233-42] WebsocketEndpoint - TextMessage Received binary message: topic - ; message - messagge="ddd11111"
[DEBUG] 2016-07-21 16:10:03.624 [qtp968684233-38] WebsocketEndpoint - TextMessage Received binary message: topic - ; message - messagge="ddd11111"
[DEBUG] 2016-07-21 16:10:04.960 [qtp968684233-42] WebsocketEndpoint - TextMessage Received binary message: topic - ; message - messagge="ddd11111"
[DEBUG] 2016-07-21 16:10:05.713 [qtp968684233-38] WebsocketEndpoint - TextMessage Received binary message: topic - ; message - messagge="ddd11111"
[DEBUG] 2016-07-21 16:10:06.616 [qtp968684233-42] WebsocketEndpoint - TextMessage Received binary message: topic - ; message - messagge="ddd11111"
[DEBUG] 2016-07-21 16:10:07.424 [qtp968684233-38] WebsocketEndpoint - TextMessage Received binary message: topic - ; message - messagge="ddd11111"
[DEBUG] 2016-07-21 16:10:08.192 [qtp968684233-42] WebsocketEndpoint - TextMessage Received binary message: topic - ; message - messagge="ddd11111"
[DEBUG] 2016-07-21 16:10:10.744 [qtp968684233-38] WebsocketEndpoint - TextMessage Received binary message: topic - ; message - messagge="ddd11111"
[DEBUG] 2016-07-21 16:10:11.289 [qtp968684233-42] WebsocketEndpoint - TextMessage Received binary message: topic - ; message - messagge="ddd11111"
[DEBUG] 2016-07-21 16:10:13.673 [qtp968684233-38] WebsocketEndpoint - TextMessage Received binary message: topic - ; message - messagge="ddd11111"
[DEBUG] 2016-07-21 16:10:54.023 [qtp968684233-42] WebsocketEndpoint - TextMessage Received binary message: topic - ; message - messagge="ddd111112"
[DEBUG] 2016-07-21 17:03:30.555 [qtp968684233-42] WebsocketEndpoint - Opening new session websocket-2
[DEBUG] 2016-07-21 17:03:30.560 [qtp968684233-42] WebsocketEndpoint - Session websocket-2 group.id are 2
[DEBUG] 2016-07-21 17:03:30.560 [qtp968684233-42] WebsocketEndpoint - Session websocket-2 topics are test1
[DEBUG] 2016-07-21 17:03:55.502 [qtp968684233-47] WebsocketEndpoint - TextMessage Received binary message: topic - ; message - topic="d"&messagge="ddd1111121111111"
[DEBUG] 2016-07-21 17:04:25.118 [qtp968684233-42] WebsocketEndpoint - TextMessage Received binary message: topic - ; message - topic="d",messagge="ddd1111121111111"
[DEBUG] 2016-07-21 17:04:49.869 [qtp968684233-47] WebsocketEndpoint - TextMessage Received binary message: topic - ; message - topic="d";messagge="ddd1111121111111"
[DEBUG] 2016-07-21 17:05:26.579 [qtp968684233-42] WebsocketEndpoint - TextMessage Received binary message: topic - ; message - messagge="ddd1111121111111"
[DEBUG] 2016-07-21 17:05:53.226 [qtp968684233-50] WebsocketEndpoint - TextMessage Received binary message: topic - ; message - "ddd1111121111111"
[DEBUG] 2016-07-21 17:06:16.337 [qtp968684233-42] WebsocketEndpoint - TextMessage Received binary message: topic - ; message - "ddd1111121111111"
[DEBUG] 2016-07-21 17:06:16.569 [qtp968684233-52] WebsocketEndpoint - TextMessage Received binary message: topic - ; message - "ddd1111121111111"
[DEBUG] 2016-07-21 17:06:16.729 [qtp968684233-42] WebsocketEndpoint - TextMessage Received binary message: topic - ; message - "ddd1111121111111"
[DEBUG] 2016-07-21 17:06:16.905 [qtp968684233-52] WebsocketEndpoint - TextMessage Received binary message: topic - ; message - "ddd1111121111111"
[DEBUG] 2016-07-21 17:07:10.899 [qtp968684233-54] WebsocketEndpoint - Opening new session websocket-3
[DEBUG] 2016-07-21 17:07:10.903 [qtp968684233-54] WebsocketEndpoint - Session websocket-3 group.id are 2
[DEBUG] 2016-07-21 17:07:10.903 [qtp968684233-54] WebsocketEndpoint - Session websocket-3 topics are test1
[DEBUG] 2016-07-21 17:07:12.031 [qtp968684233-42] WebsocketEndpoint - TextMessage Received binary message: topic - ; message - "ddd1111121111111"
[DEBUG] 2016-07-21 17:07:12.615 [qtp968684233-54] WebsocketEndpoint - TextMessage Received binary message: topic - ; message - "ddd1111121111111"
